<?xml version="1.0" encoding="UTF-8"?>
<testsuite xmlns:xsi="http://www.w3.org/2001/XMLSchema-instance" xsi:noNamespaceSchemaLocation="https://maven.apache.org/surefire/maven-surefire-plugin/xsd/surefire-test-report.xsd" name="FiltroCorreoTest" time="0" tests="4" errors="0" skipped="0" failures="0">
  <properties>
[...]
</properties>
  <testcase name="test_CorreoEntero" classname="FiltroCorreoTest" time="0"/>
  <testcase name="test_NOcontienePalabraDeFiltro" classname="FiltroCorreoTest" time="0"/>
  <testcase name="test_filtrarCorreos" classname="FiltroCorreoTest" time="0"/>
  <testcase name="test_contienePalabraDeFiltro" classname="FiltroCorreoTest" time="0"/>
</testsuite>